{
  "stats": {
    "suites": 1,
    "tests": 14,
    "passes": 14,
    "pending": 0,
    "failures": 0,
    "start": "2026-07-14T10:09:03.322Z",
    "end": "2026-07-14T10:09:07.248Z",
    "duration": 3926,
    "testsRegistered": 14,
    "passPercent": 100,
    "pendingPercent": 0,
    "other": 0,
    "hasOther": false,
    "skipped": 0,
    "hasSkipped": false
  },
  "results": [
    {
      "uuid": "e5806f25-d880-4dc8-be87-87f6548dfcdc",
      "title": "",
      "fullFile": "cypress\\e2e\\dashboard2.cy.js",
      "file": "cypress\\e2e\\dashboard2.cy.js",
      "beforeHooks": [],
      "afterHooks": [],
      "tests": [],
      "suites": [
        {
          "uuid": "7eb1cb10-bbbc-41aa-abf9-3d392a13d6f3",
          "title": "QA Dashboard",
          "fullFile": "",
          "file": "",
          "beforeHooks": [],
          "afterHooks": [],
          "tests": [
            {
              "title": "should load the dashboard page",
              "fullTitle": "QA Dashboard should load the dashboard page",
              "timedOut": null,
              "duration": 105,
              "state": "passed",
              "speed": "fast",
              "pass": true,
              "fail": false,
              "pending": false,
              "context": null,
              "code": "cy.contains('QA Dashboard').should('be.visible');",
              "err": {},
              "uuid": "73a708ae-fd9e-4afa-99f2-1307dcb8ee47",
              "parentUUID": "7eb1cb10-bbbc-41aa-abf9-3d392a13d6f3",
              "isHook": false,
              "skipped": false
            },
            {
              "title": "should display bug table",
              "fullTitle": "QA Dashboard should display bug table",
              "timedOut": null,
              "duration": 51,
              "state": "passed",
              "speed": "fast",
              "pass": true,
              "fail": false,
              "pending": false,
              "context": null,
              "code": "cy.get('[data-cy=\"bug-table\"]').should('be.visible');",
              "err": {},
              "uuid": "edab3668-6f3d-43e2-9f5b-4c3c4bb9e220",
              "parentUUID": "7eb1cb10-bbbc-41aa-abf9-3d392a13d6f3",
              "isHook": false,
              "skipped": false
            },
            {
              "title": "should open create bug modal",
              "fullTitle": "QA Dashboard should open create bug modal",
              "timedOut": null,
              "duration": 123,
              "state": "passed",
              "speed": "fast",
              "pass": true,
              "fail": false,
              "pending": false,
              "context": null,
              "code": "cy.get('[data-cy=\"create-bug-button\"]').click();\ncy.get('[data-cy=\"bug-title-input\"]').should('be.visible');",
              "err": {},
              "uuid": "52c2f492-a237-455f-891b-cc07aa1bcdbe",
              "parentUUID": "7eb1cb10-bbbc-41aa-abf9-3d392a13d6f3",
              "isHook": false,
              "skipped": false
            },
            {
              "title": "should create a new bug",
              "fullTitle": "QA Dashboard should create a new bug",
              "timedOut": null,
              "duration": 688,
              "state": "passed",
              "speed": "fast",
              "pass": true,
              "fail": false,
              "pending": false,
              "context": null,
              "code": "cy.get('[data-cy=\"create-bug-button\"]').click();\ncy.get('[data-cy=\"bug-title-input\"]').type('API login failure');\ncy.get('#priority').select('LOW');\ncy.get('[data-cy=\"save-bug-button\"]').click();\ncy.get('[data-cy=\"bug-table\"]').should('contain', 'API login failure').and('contain', 'LOW');",
              "err": {},
              "uuid": "d7491d96-c2aa-445e-b7c6-ce9d350c497e",
              "parentUUID": "7eb1cb10-bbbc-41aa-abf9-3d392a13d6f3",
              "isHook": false,
              "skipped": false
            },
            {
              "title": "should not create bug without title",
              "fullTitle": "QA Dashboard should not create bug without title",
              "timedOut": null,
              "duration": 256,
              "state": "passed",
              "speed": "fast",
              "pass": true,
              "fail": false,
              "pending": false,
              "context": null,
              "code": "cy.request('GET', 'http://localhost:3000/api/bugs').then(beforeResponse => {\n  const bugCountBefore = beforeResponse.body.length;\n  cy.get('[data-cy=\"create-bug-button\"]').click();\n  cy.get('[data-cy=\"save-bug-button\"]').click();\n  cy.get('@alert').should('have.been.calledWith', 'Bug title is required');\n  cy.request('GET', 'http://localhost:3000/api/bugs').then(afterResponse => {\n    expect(afterResponse.body.length).to.equal(bugCountBefore);\n  });\n});",
              "err": {},
              "uuid": "7d741f1b-1477-47b2-a3ab-108b00d9b192",
              "parentUUID": "7eb1cb10-bbbc-41aa-abf9-3d392a13d6f3",
              "isHook": false,
              "skipped": false
            },
            {
              "title": "should create bug with selected priority",
              "fullTitle": "QA Dashboard should create bug with selected priority",
              "timedOut": null,
              "duration": 630,
              "state": "passed",
              "speed": "fast",
              "pass": true,
              "fail": false,
              "pending": false,
              "context": null,
              "code": "cy.get('[data-cy=\"create-bug-button\"]').click();\ncy.get('[data-cy=\"bug-title-input\"]').type('Payment error');\ncy.get('#priority').select('HIGH');\ncy.get('[data-cy=\"save-bug-button\"]').click();\ncy.get('[data-cy=\"bug-table\"]').should('contain', 'Payment error').and('contain', 'HIGH');",
              "err": {},
              "uuid": "6707bf51-5c41-42fc-8272-0f10edae66af",
              "parentUUID": "7eb1cb10-bbbc-41aa-abf9-3d392a13d6f3",
              "isHook": false,
              "skipped": false
            },
            {
              "title": "should get bugs from API",
              "fullTitle": "QA Dashboard should get bugs from API",
              "timedOut": null,
              "duration": 55,
              "state": "passed",
              "speed": "fast",
              "pass": true,
              "fail": false,
              "pending": false,
              "context": null,
              "code": "cy.request('GET', 'http://localhost:3000/api/bugs').then(response => {\n  expect(response.status).to.eq(200);\n  expect(response.body).to.be.an('array');\n});",
              "err": {},
              "uuid": "c943fad5-57da-4c8f-8ef9-82098b6e43ce",
              "parentUUID": "7eb1cb10-bbbc-41aa-abf9-3d392a13d6f3",
              "isHook": false,
              "skipped": false
            },
            {
              "title": "should return bugs with required fields",
              "fullTitle": "QA Dashboard should return bugs with required fields",
              "timedOut": null,
              "duration": 57,
              "state": "passed",
              "speed": "fast",
              "pass": true,
              "fail": false,
              "pending": false,
              "context": null,
              "code": "cy.request('GET', 'http://localhost:3000/api/bugs').then(response => {\n  expect(response.status).to.eq(200);\n  response.body.forEach(bug => {\n    expect(bug).to.have.property('id');\n    expect(bug).to.have.property('title');\n    expect(bug).to.have.property('priority');\n    expect(bug).to.have.property('status');\n  });\n});",
              "err": {},
              "uuid": "3ffaf094-45fc-4ec4-b971-5924db07a22e",
              "parentUUID": "7eb1cb10-bbbc-41aa-abf9-3d392a13d6f3",
              "isHook": false,
              "skipped": false
            },
            {
              "title": "should not have duplicate bug IDs",
              "fullTitle": "QA Dashboard should not have duplicate bug IDs",
              "timedOut": null,
              "duration": 53,
              "state": "passed",
              "speed": "fast",
              "pass": true,
              "fail": false,
              "pending": false,
              "context": null,
              "code": "cy.request('GET', 'http://localhost:3000/api/bugs').then(response => {\n  const ids = response.body.map(bug => bug.id);\n  const uniqueIds = [...new Set(ids)];\n  expect(ids.length).to.equal(uniqueIds.length);\n});",
              "err": {},
              "uuid": "ca1c24ca-3cb9-4e22-a9a2-2e920ae3286e",
              "parentUUID": "7eb1cb10-bbbc-41aa-abf9-3d392a13d6f3",
              "isHook": false,
              "skipped": false
            },
            {
              "title": "should not allow duplicate bug title",
              "fullTitle": "QA Dashboard should not allow duplicate bug title",
              "timedOut": null,
              "duration": 56,
              "state": "passed",
              "speed": "fast",
              "pass": true,
              "fail": false,
              "pending": false,
              "context": null,
              "code": "cy.request('GET', 'http://localhost:3000/api/bugs').then(response => {\n  const existingTitle = response.body[0].title;\n  cy.request({\n    method: 'POST',\n    url: 'http://localhost:3000/api/bugs',\n    failOnStatusCode: false,\n    body: {\n      title: existingTitle,\n      priority: \"HIGH\"\n    }\n  }).then(postResponse => {\n    expect(postResponse.status).to.eq(400);\n  });\n});",
              "err": {},
              "uuid": "c18c9864-cfda-4ece-a220-407af378101a",
              "parentUUID": "7eb1cb10-bbbc-41aa-abf9-3d392a13d6f3",
              "isHook": false,
              "skipped": false
            },
            {
              "title": "should update bug status",
              "fullTitle": "QA Dashboard should update bug status",
              "timedOut": null,
              "duration": 55,
              "state": "passed",
              "speed": "fast",
              "pass": true,
              "fail": false,
              "pending": false,
              "context": null,
              "code": "cy.request('GET', 'http://localhost:3000/api/bugs').then(response => {\n  const bugId = response.body[0].id;\n  cy.request({\n    method: 'PUT',\n    url: `http://localhost:3000/api/bugs/${bugId}`,\n    body: {\n      status: 'CLOSED'\n    }\n  }).then(putResponse => {\n    expect(putResponse.status).to.eq(200);\n    expect(putResponse.body.status).to.eq('CLOSED');\n  });\n});",
              "err": {},
              "uuid": "abc41dff-50a8-471b-b4f8-c6412a34646d",
              "parentUUID": "7eb1cb10-bbbc-41aa-abf9-3d392a13d6f3",
              "isHook": false,
              "skipped": false
            },
            {
              "title": "should delete a bug",
              "fullTitle": "QA Dashboard should delete a bug",
              "timedOut": null,
              "duration": 63,
              "state": "passed",
              "speed": "fast",
              "pass": true,
              "fail": false,
              "pending": false,
              "context": null,
              "code": "cy.request('GET', 'http://localhost:3000/api/bugs').then(response => {\n  const bugId = response.body[0].id;\n  cy.request({\n    method: 'DELETE',\n    url: `http://localhost:3000/api/bugs/${bugId}`\n  }).then(deleteResponse => {\n    expect(deleteResponse.status).to.eq(200);\n    cy.request('GET', 'http://localhost:3000/api/bugs').then(getResponse => {\n      const deletedBug = getResponse.body.find(bug => bug.id === bugId);\n      expect(deletedBug).to.be.undefined;\n    });\n  });\n});",
              "err": {},
              "uuid": "cc065cce-bbf9-4181-a2bb-6dcf252e087c",
              "parentUUID": "7eb1cb10-bbbc-41aa-abf9-3d392a13d6f3",
              "isHook": false,
              "skipped": false
            },
            {
              "title": "should change bug status from UI",
              "fullTitle": "QA Dashboard should change bug status from UI",
              "timedOut": null,
              "duration": 220,
              "state": "passed",
              "speed": "fast",
              "pass": true,
              "fail": false,
              "pending": false,
              "context": null,
              "code": "cy.get('[data-cy=\"bug-status\"]').first().click();\ncy.get('[data-cy=\"status-closed\"]').click();\ncy.get('[data-cy=\"bug-table\"]').should('contain', 'CLOSED');",
              "err": {},
              "uuid": "2e097ffe-e863-4291-a6c9-3d304083d044",
              "parentUUID": "7eb1cb10-bbbc-41aa-abf9-3d392a13d6f3",
              "isHook": false,
              "skipped": false
            },
            {
              "title": "should display API status as OK",
              "fullTitle": "QA Dashboard should display API status as OK",
              "timedOut": null,
              "duration": 68,
              "state": "passed",
              "speed": "fast",
              "pass": true,
              "fail": false,
              "pending": false,
              "context": null,
              "code": "cy.get(\"#systemStatus\").should(\"be.visible\").and(\"contain\", \"OK\");",
              "err": {},
              "uuid": "9389f634-c55f-44e0-912b-c10f70bf9afc",
              "parentUUID": "7eb1cb10-bbbc-41aa-abf9-3d392a13d6f3",
              "isHook": false,
              "skipped": false
            }
          ],
          "suites": [],
          "passes": [
            "73a708ae-fd9e-4afa-99f2-1307dcb8ee47",
            "edab3668-6f3d-43e2-9f5b-4c3c4bb9e220",
            "52c2f492-a237-455f-891b-cc07aa1bcdbe",
            "d7491d96-c2aa-445e-b7c6-ce9d350c497e",
            "7d741f1b-1477-47b2-a3ab-108b00d9b192",
            "6707bf51-5c41-42fc-8272-0f10edae66af",
            "c943fad5-57da-4c8f-8ef9-82098b6e43ce",
            "3ffaf094-45fc-4ec4-b971-5924db07a22e",
            "ca1c24ca-3cb9-4e22-a9a2-2e920ae3286e",
            "c18c9864-cfda-4ece-a220-407af378101a",
            "abc41dff-50a8-471b-b4f8-c6412a34646d",
            "cc065cce-bbf9-4181-a2bb-6dcf252e087c",
            "2e097ffe-e863-4291-a6c9-3d304083d044",
            "9389f634-c55f-44e0-912b-c10f70bf9afc"
          ],
          "failures": [],
          "pending": [],
          "skipped": [],
          "duration": 2480,
          "root": false,
          "rootEmpty": false,
          "_timeout": 2000
        }
      ],
      "passes": [],
      "failures": [],
      "pending": [],
      "skipped": [],
      "duration": 0,
      "root": true,
      "rootEmpty": true,
      "_timeout": 2000
    }
  ],
  "meta": {
    "mocha": {
      "version": "7.2.0"
    },
    "mochawesome": {
      "options": {
        "quiet": false,
        "reportFilename": "mochawesome",
        "saveHtml": false,
        "saveJson": true,
        "consoleReporter": "spec",
        "useInlineDiffs": false,
        "code": true
      },
      "version": "7.1.4"
    },
    "marge": {
      "options": {
        "reportDir": "cypress/reports",
        "overwrite": false,
        "html": false,
        "json": true
      },
      "version": "6.3.2"
    }
  }
}